<?xml version="1.0" encoding="UTF-8"?>
<testsuite xmlns:xsi="http://www.w3.org/2001/XMLSchema-instance" xsi:noNamespaceSchemaLocation="https://maven.apache.org/surefire/maven-surefire-plugin/xsd/surefire-test-report.xsd" name="mflix.api.daos.TimeoutsTest" time="2.034" tests="2" errors="2" skipped="0" failures="0">
  <properties>
[...]
</properties>
  <testcase name="testConfiguredConnectionTimeoutMs" classname="mflix.api.daos.TimeoutsTest" time="0.062">
    <error type="java.lang.NullPointerException">java.lang.NullPointerException
	at mflix.api.daos.TimeoutsTest.testConfiguredConnectionTimeoutMs(TimeoutsTest.java:58)
</error>
    <system-out><![CDATA[2020-05-09 03:18:00.462  INFO 87253 --- [           main] .b.t.c.SpringBootTestContextBootstrapper : Neither @ContextConfiguration nor @ContextHierarchy found for test class [mflix.api.daos.TimeoutsTest], using SpringBootContextLoader
2020-05-09 03:18:00.463  INFO 87253 --- [           main] o.s.t.c.support.AbstractContextLoader    : Could not detect default resource locations for test class [mflix.api.daos.TimeoutsTest]: no resource found for suffixes {-context.xml, Context.groovy}.
2020-05-09 03:18:00.488  INFO 87253 --- [           main] .b.t.c.SpringBootTestContextBootstrapper : Loaded default TestExecutionListener class names from location [META-INF/spring.factories]: [org.springframework.boot.test.mock.mockito.MockitoTestExecutionListener, org.springframework.boot.test.mock.mockito.ResetMocksTestExecutionListener, org.springframework.boot.test.autoconfigure.restdocs.RestDocsTestExecutionListener, org.springframework.boot.test.autoconfigure.web.client.MockRestServiceServerResetTestExecutionListener, org.springframework.boot.test.autoconfigure.web.servlet.MockMvcPrintOnlyOnFailureTestExecutionListener, org.springframework.boot.test.autoconfigure.web.servlet.WebDriverTestExecutionListener, org.springframework.test.context.web.ServletTestExecutionListener, org.springframework.test.context.support.DirtiesContextBeforeModesTestExecutionListener, org.springframework.test.context.support.DependencyInjectionTestExecutionListener, org.springframework.test.context.support.DirtiesContextTestExecutionListener, org.springframework.test.context.transaction.TransactionalTestExecutionListener, org.springframework.test.context.jdbc.SqlScriptsTestExecutionListener]
2020-05-09 03:18:00.491  INFO 87253 --- [           main] .b.t.c.SpringBootTestContextBootstrapper : Using TestExecutionListeners: [org.springframework.test.context.web.ServletTestExecutionListener@5292ceca, org.springframework.test.context.support.DirtiesContextBeforeModesTestExecutionListener@13d9261f, org.springframework.boot.test.mock.mockito.MockitoTestExecutionListener@e9ef5b6, org.springframework.boot.test.autoconfigure.SpringBootDependencyInjectionTestExecutionListener@5300cac, org.springframework.test.context.support.DirtiesContextTestExecutionListener@4110765e, org.springframework.boot.test.mock.mockito.ResetMocksTestExecutionListener@1ba359bd, org.springframework.boot.test.autoconfigure.restdocs.RestDocsTestExecutionListener@62e93c3a, org.springframework.boot.test.autoconfigure.web.client.MockRestServiceServerResetTestExecutionListener@673919a7, org.springframework.boot.test.autoconfigure.web.servlet.MockMvcPrintOnlyOnFailureTestExecutionListener@25d93198, org.springframework.boot.test.autoconfigure.web.servlet.WebDriverTestExecutionListener@2436ea2f]

  .   ____          _            __ _ _
 /\\ / ___'_ __ _ _(_)_ __  __ _ \ \ \ \
( ( )\___ | '_ | '_| | '_ \/ _` | \ \ \ \
 \\/  ___)| |_)| | | | | || (_| |  ) ) ) )
  '  |____| .__|_| |_|_| |_\__, | / / / /
 =========|_|==============|___/=/_/_/_/
 :: Spring Boot ::        (v2.0.4.RELEASE)

2020-05-09 03:18:00.570  INFO 87253 --- [           main] mflix.api.daos.TimeoutsTest              : Starting TimeoutsTest on Manishs-Air.Dlink with PID 87253 (started by manishsharma in /Users/manishsharma/code/src/github/mflix-java/mflix)
2020-05-09 03:18:00.571  INFO 87253 --- [           main] mflix.api.daos.TimeoutsTest              : No active profile set, falling back to default profiles: default
2020-05-09 03:18:00.576  INFO 87253 --- [           main] o.s.w.c.s.GenericWebApplicationContext   : Refreshing org.springframework.web.context.support.GenericWebApplicationContext@6f49d153: startup date [Sat May 09 03:18:00 IST 2020]; root of context hierarchy
2020-05-09 03:18:01.027  INFO 87253 --- [           main] org.mongodb.driver.cluster               : Cluster created with settings {hosts=[mflix-shard-00-02-pmyac.mongodb.net:27017, mflix-shard-00-01-pmyac.mongodb.net:27017, mflix-shard-00-00-pmyac.mongodb.net:27017], mode=MULTIPLE, requiredClusterType=REPLICA_SET, serverSelectionTimeout='30000 ms', maxWaitQueueSize=500, requiredReplicaSetName='mflix-shard-0'}
2020-05-09 03:18:01.027  INFO 87253 --- [           main] org.mongodb.driver.cluster               : Adding discovered server mflix-shard-00-02-pmyac.mongodb.net:27017 to client view of cluster
2020-05-09 03:18:01.033  INFO 87253 --- [           main] org.mongodb.driver.cluster               : Adding discovered server mflix-shard-00-01-pmyac.mongodb.net:27017 to client view of cluster
2020-05-09 03:18:01.035  INFO 87253 --- [           main] org.mongodb.driver.cluster               : Adding discovered server mflix-shard-00-00-pmyac.mongodb.net:27017 to client view of cluster
2020-05-09 03:18:01.294  INFO 87253 --- [           main] o.s.w.s.handler.SimpleUrlHandlerMapping  : Mapped URL path [/**/favicon.ico] onto handler of type [class org.springframework.web.servlet.resource.ResourceHttpRequestHandler]
2020-05-09 03:18:01.334  INFO 87253 --- [ngodb.net:27017] org.mongodb.driver.connection            : Opened connection [connectionId{localValue:5, serverValue:45992}] to mflix-shard-00-02-pmyac.mongodb.net:27017
2020-05-09 03:18:01.349  INFO 87253 --- [ngodb.net:27017] org.mongodb.driver.connection            : Opened connection [connectionId{localValue:6, serverValue:61391}] to mflix-shard-00-01-pmyac.mongodb.net:27017
2020-05-09 03:18:01.364  INFO 87253 --- [ngodb.net:27017] org.mongodb.driver.connection            : Opened connection [connectionId{localValue:7, serverValue:47022}] to mflix-shard-00-00-pmyac.mongodb.net:27017
2020-05-09 03:18:01.377  INFO 87253 --- [ngodb.net:27017] org.mongodb.driver.cluster               : Monitor thread successfully connected to server with description ServerDescription{address=mflix-shard-00-02-pmyac.mongodb.net:27017, type=REPLICA_SET_SECONDARY, state=CONNECTED, ok=true, version=ServerVersion{versionList=[4, 2, 6]}, minWireVersion=0, maxWireVersion=8, maxDocumentSize=16777216, logicalSessionTimeoutMinutes=30, roundTripTimeNanos=42990453, setName='mflix-shard-0', canonicalAddress=mflix-shard-00-02-pmyac.mongodb.net:27017, hosts=[mflix-shard-00-02-pmyac.mongodb.net:27017, mflix-shard-00-00-pmyac.mongodb.net:27017, mflix-shard-00-01-pmyac.mongodb.net:27017], passives=[], arbiters=[], primary='mflix-shard-00-01-pmyac.mongodb.net:27017', tagSet=TagSet{[Tag{name='region', value='AP_SOUTHEAST_1'}, Tag{name='provider', value='AWS'}, Tag{name='nodeType', value='ELECTABLE'}]}, electionId=null, setVersion=3, lastWriteDate=Sat May 09 03:18:00 IST 2020, lastUpdateTimeNanos=939187844043373}
2020-05-09 03:18:01.394  INFO 87253 --- [ngodb.net:27017] org.mongodb.driver.cluster               : Monitor thread successfully connected to server with description ServerDescription{address=mflix-shard-00-01-pmyac.mongodb.net:27017, type=REPLICA_SET_PRIMARY, state=CONNECTED, ok=true, version=ServerVersion{versionList=[4, 2, 6]}, minWireVersion=0, maxWireVersion=8, maxDocumentSize=16777216, logicalSessionTimeoutMinutes=30, roundTripTimeNanos=44207618, setName='mflix-shard-0', canonicalAddress=mflix-shard-00-01-pmyac.mongodb.net:27017, hosts=[mflix-shard-00-02-pmyac.mongodb.net:27017, mflix-shard-00-00-pmyac.mongodb.net:27017, mflix-shard-00-01-pmyac.mongodb.net:27017], passives=[], arbiters=[], primary='mflix-shard-00-01-pmyac.mongodb.net:27017', tagSet=TagSet{[Tag{name='region', value='AP_SOUTHEAST_1'}, Tag{name='nodeType', value='ELECTABLE'}, Tag{name='provider', value='AWS'}]}, electionId=7fffffff0000000000000002, setVersion=3, lastWriteDate=Sat May 09 03:18:00 IST 2020, lastUpdateTimeNanos=939187860753866}
2020-05-09 03:18:01.395  INFO 87253 --- [ngodb.net:27017] org.mongodb.driver.cluster               : Setting max election id to 7fffffff0000000000000002 from replica set primary mflix-shard-00-01-pmyac.mongodb.net:27017
2020-05-09 03:18:01.395  INFO 87253 --- [ngodb.net:27017] org.mongodb.driver.cluster               : Setting max set version to 3 from replica set primary mflix-shard-00-01-pmyac.mongodb.net:27017
2020-05-09 03:18:01.395  INFO 87253 --- [ngodb.net:27017] org.mongodb.driver.cluster               : Discovered replica set primary mflix-shard-00-01-pmyac.mongodb.net:27017
2020-05-09 03:18:01.410  INFO 87253 --- [ngodb.net:27017] org.mongodb.driver.cluster               : Monitor thread successfully connected to server with description ServerDescription{address=mflix-shard-00-00-pmyac.mongodb.net:27017, type=REPLICA_SET_SECONDARY, state=CONNECTED, ok=true, version=ServerVersion{versionList=[4, 2, 6]}, minWireVersion=0, maxWireVersion=8, maxDocumentSize=16777216, logicalSessionTimeoutMinutes=30, roundTripTimeNanos=45591566, setName='mflix-shard-0', canonicalAddress=mflix-shard-00-00-pmyac.mongodb.net:27017, hosts=[mflix-shard-00-02-pmyac.mongodb.net:27017, mflix-shard-00-00-pmyac.mongodb.net:27017, mflix-shard-00-01-pmyac.mongodb.net:27017], passives=[], arbiters=[], primary='mflix-shard-00-01-pmyac.mongodb.net:27017', tagSet=TagSet{[Tag{name='nodeType', value='ELECTABLE'}, Tag{name='region', value='AP_SOUTHEAST_1'}, Tag{name='provider', value='AWS'}]}, electionId=null, setVersion=3, lastWriteDate=Sat May 09 03:18:00 IST 2020, lastUpdateTimeNanos=939187876719336}
2020-05-09 03:18:01.718  INFO 87253 --- [           main] s.w.s.m.m.a.RequestMappingHandlerAdapter : Looking for @ControllerAdvice: org.springframework.web.context.support.GenericWebApplicationContext@6f49d153: startup date [Sat May 09 03:18:00 IST 2020]; root of context hierarchy
2020-05-09 03:18:01.768  INFO 87253 --- [           main] s.w.s.m.m.a.RequestMappingHandlerMapping : Mapped "{[/error]}" onto public org.springframework.http.ResponseEntity<java.util.Map<java.lang.String, java.lang.Object>> org.springframework.boot.autoconfigure.web.servlet.error.BasicErrorController.error(javax.servlet.http.HttpServletRequest)
2020-05-09 03:18:01.770  INFO 87253 --- [           main] s.w.s.m.m.a.RequestMappingHandlerMapping : Mapped "{[/error],produces=[text/html]}" onto public org.springframework.web.servlet.ModelAndView org.springframework.boot.autoconfigure.web.servlet.error.BasicErrorController.errorHtml(javax.servlet.http.HttpServletRequest,javax.servlet.http.HttpServletResponse)
2020-05-09 03:18:01.815  INFO 87253 --- [           main] o.s.w.s.handler.SimpleUrlHandlerMapping  : Mapped URL path [/webjars/**] onto handler of type [class org.springframework.web.servlet.resource.ResourceHttpRequestHandler]
2020-05-09 03:18:01.815  INFO 87253 --- [           main] o.s.w.s.handler.SimpleUrlHandlerMapping  : Mapped URL path [/**] onto handler of type [class org.springframework.web.servlet.resource.ResourceHttpRequestHandler]
2020-05-09 03:18:01.882  INFO 87253 --- [           main] o.s.b.a.w.s.WelcomePageHandlerMapping    : Adding welcome page: class path resource [build/index.html]
2020-05-09 03:18:02.125  INFO 87253 --- [           main] .s.s.UserDetailsServiceAutoConfiguration : 

Using generated security password: bcd32605-d46a-4df4-ada3-fd33a6c60397

2020-05-09 03:18:02.306  INFO 87253 --- [           main] o.s.s.web.DefaultSecurityFilterChain     : Creating filter chain: org.springframework.security.web.util.matcher.AnyRequestMatcher@1, [org.springframework.security.web.context.request.async.WebAsyncManagerIntegrationFilter@6f231ced, org.springframework.security.web.context.SecurityContextPersistenceFilter@33956d1a, org.springframework.security.web.header.HeaderWriterFilter@5a75ec37, org.springframework.security.web.csrf.CsrfFilter@608fe01f, org.springframework.security.web.authentication.logout.LogoutFilter@40e32762, org.springframework.security.web.authentication.UsernamePasswordAuthenticationFilter@5981f4a6, org.springframework.security.web.authentication.ui.DefaultLoginPageGeneratingFilter@58867cd5, org.springframework.security.web.authentication.www.BasicAuthenticationFilter@63dfada0, org.springframework.security.web.savedrequest.RequestCacheAwareFilter@2e1ddc90, org.springframework.security.web.servletapi.SecurityContextHolderAwareRequestFilter@5b7c8930, org.springframework.security.web.authentication.AnonymousAuthenticationFilter@35a60674, org.springframework.security.web.session.SessionManagementFilter@2c05ff9d, org.springframework.security.web.access.ExceptionTranslationFilter@2687725a, org.springframework.security.web.access.intercept.FilterSecurityInterceptor@d5af0a5]
2020-05-09 03:18:02.407  INFO 87253 --- [           main] mflix.api.daos.TimeoutsTest              : Started TimeoutsTest in 1.911 seconds (JVM running for 12.421)
2020-05-09 03:18:02.440  INFO 87253 --- [           main] org.mongodb.driver.cluster               : Cluster created with settings {hosts=[mflix-shard-00-02-pmyac.mongodb.net:27017, mflix-shard-00-01-pmyac.mongodb.net:27017, mflix-shard-00-00-pmyac.mongodb.net:27017], mode=MULTIPLE, requiredClusterType=REPLICA_SET, serverSelectionTimeout='30000 ms', maxWaitQueueSize=500, requiredReplicaSetName='mflix-shard-0'}
2020-05-09 03:18:02.443  INFO 87253 --- [           main] org.mongodb.driver.cluster               : Adding discovered server mflix-shard-00-02-pmyac.mongodb.net:27017 to client view of cluster
2020-05-09 03:18:02.445  INFO 87253 --- [           main] org.mongodb.driver.cluster               : Adding discovered server mflix-shard-00-01-pmyac.mongodb.net:27017 to client view of cluster
2020-05-09 03:18:02.449  INFO 87253 --- [           main] org.mongodb.driver.cluster               : Adding discovered server mflix-shard-00-00-pmyac.mongodb.net:27017 to client view of cluster
]]></system-out>
  </testcase>
  <testcase name="testConfiguredWtimeout" classname="mflix.api.daos.TimeoutsTest" time="0.023">
    <error type="java.lang.NullPointerException">java.lang.NullPointerException
	at mflix.api.daos.TimeoutsTest.testConfiguredWtimeout(TimeoutsTest.java:49)
</error>
    <system-out><![CDATA[2020-05-09 03:18:02.491  INFO 87253 --- [           main] org.mongodb.driver.cluster               : Cluster created with settings {hosts=[mflix-shard-00-02-pmyac.mongodb.net:27017, mflix-shard-00-01-pmyac.mongodb.net:27017, mflix-shard-00-00-pmyac.mongodb.net:27017], mode=MULTIPLE, requiredClusterType=REPLICA_SET, serverSelectionTimeout='30000 ms', maxWaitQueueSize=500, requiredReplicaSetName='mflix-shard-0'}
2020-05-09 03:18:02.491  INFO 87253 --- [           main] org.mongodb.driver.cluster               : Adding discovered server mflix-shard-00-02-pmyac.mongodb.net:27017 to client view of cluster
2020-05-09 03:18:02.493  INFO 87253 --- [           main] org.mongodb.driver.cluster               : Adding discovered server mflix-shard-00-01-pmyac.mongodb.net:27017 to client view of cluster
2020-05-09 03:18:02.495  INFO 87253 --- [           main] org.mongodb.driver.cluster               : Adding discovered server mflix-shard-00-00-pmyac.mongodb.net:27017 to client view of cluster
]]></system-out>
  </testcase>
</testsuite>