<?xml version="1.0" encoding="UTF-8"?>
<testsuite xmlns:xsi="http://www.w3.org/2001/XMLSchema-instance" xsi:noNamespaceSchemaLocation="https://maven.apache.org/surefire/maven-surefire-plugin/xsd/surefire-test-report.xsd" name="mflix.api.daos.MigrationTest" time="1.743" tests="2" errors="0" skipped="0" failures="2">
  <properties>
[...]
</properties>
  <testcase name="testAllDocumentsIMDBRatingNumber" classname="mflix.api.daos.MigrationTest" time="0.867">
    <failure message="Should not find documents where `imdb.rating` is of not of `number` type expected:&lt;0&gt; but was:&lt;61&gt;" type="java.lang.AssertionError"><![CDATA[java.lang.AssertionError: Should not find documents where `imdb.rating` is of not of `number` type expected:<0> but was:<61>
	at mflix.api.daos.MigrationTest.testAllDocumentsIMDBRatingNumber(MigrationTest.java:42)
]]></failure>
    <system-out><![CDATA[2020-05-09 03:18:09.585  INFO 87253 --- [           main] org.mongodb.driver.cluster               : Cluster created with settings {hosts=[mflix-shard-00-01-pmyac.mongodb.net:27017, mflix-shard-00-00-pmyac.mongodb.net:27017, mflix-shard-00-02-pmyac.mongodb.net:27017], mode=MULTIPLE, requiredClusterType=REPLICA_SET, serverSelectionTimeout='30000 ms', maxWaitQueueSize=500, requiredReplicaSetName='mflix-shard-0'}
2020-05-09 03:18:09.585  INFO 87253 --- [           main] org.mongodb.driver.cluster               : Adding discovered server mflix-shard-00-01-pmyac.mongodb.net:27017 to client view of cluster
2020-05-09 03:18:09.587  INFO 87253 --- [           main] org.mongodb.driver.cluster               : Adding discovered server mflix-shard-00-00-pmyac.mongodb.net:27017 to client view of cluster
2020-05-09 03:18:09.590  INFO 87253 --- [           main] org.mongodb.driver.cluster               : Adding discovered server mflix-shard-00-02-pmyac.mongodb.net:27017 to client view of cluster
2020-05-09 03:18:09.594  INFO 87253 --- [           main] org.mongodb.driver.cluster               : No server chosen by com.mongodb.client.internal.MongoClientDelegate$1@553bc36c from cluster description ClusterDescription{type=REPLICA_SET, connectionMode=MULTIPLE, serverDescriptions=[ServerDescription{address=mflix-shard-00-00-pmyac.mongodb.net:27017, type=UNKNOWN, state=CONNECTING}, ServerDescription{address=mflix-shard-00-01-pmyac.mongodb.net:27017, type=UNKNOWN, state=CONNECTING}, ServerDescription{address=mflix-shard-00-02-pmyac.mongodb.net:27017, type=UNKNOWN, state=CONNECTING}]}. Waiting for 30000 ms before timing out
2020-05-09 03:18:09.877  INFO 87253 --- [ngodb.net:27017] org.mongodb.driver.connection            : Opened connection [connectionId{localValue:22, serverValue:62606}] to mflix-shard-00-01-pmyac.mongodb.net:27017
2020-05-09 03:18:09.887  INFO 87253 --- [ngodb.net:27017] org.mongodb.driver.connection            : Opened connection [connectionId{localValue:24, serverValue:45992}] to mflix-shard-00-02-pmyac.mongodb.net:27017
2020-05-09 03:18:09.894  INFO 87253 --- [ngodb.net:27017] org.mongodb.driver.connection            : Opened connection [connectionId{localValue:23, serverValue:47022}] to mflix-shard-00-00-pmyac.mongodb.net:27017
2020-05-09 03:18:09.926  INFO 87253 --- [ngodb.net:27017] org.mongodb.driver.cluster               : Monitor thread successfully connected to server with description ServerDescription{address=mflix-shard-00-01-pmyac.mongodb.net:27017, type=REPLICA_SET_PRIMARY, state=CONNECTED, ok=true, version=ServerVersion{versionList=[4, 2, 6]}, minWireVersion=0, maxWireVersion=8, maxDocumentSize=16777216, logicalSessionTimeoutMinutes=30, roundTripTimeNanos=48077745, setName='mflix-shard-0', canonicalAddress=mflix-shard-00-01-pmyac.mongodb.net:27017, hosts=[mflix-shard-00-02-pmyac.mongodb.net:27017, mflix-shard-00-00-pmyac.mongodb.net:27017, mflix-shard-00-01-pmyac.mongodb.net:27017], passives=[], arbiters=[], primary='mflix-shard-00-01-pmyac.mongodb.net:27017', tagSet=TagSet{[Tag{name='nodeType', value='ELECTABLE'}, Tag{name='provider', value='AWS'}, Tag{name='region', value='AP_SOUTHEAST_1'}]}, electionId=7fffffff0000000000000002, setVersion=3, lastWriteDate=Sat May 09 03:18:09 IST 2020, lastUpdateTimeNanos=939196392542926}
2020-05-09 03:18:09.927  INFO 87253 --- [ngodb.net:27017] org.mongodb.driver.cluster               : Setting max election id to 7fffffff0000000000000002 from replica set primary mflix-shard-00-01-pmyac.mongodb.net:27017
2020-05-09 03:18:09.927  INFO 87253 --- [ngodb.net:27017] org.mongodb.driver.cluster               : Setting max set version to 3 from replica set primary mflix-shard-00-01-pmyac.mongodb.net:27017
2020-05-09 03:18:09.927  INFO 87253 --- [ngodb.net:27017] org.mongodb.driver.cluster               : Discovered replica set primary mflix-shard-00-01-pmyac.mongodb.net:27017
2020-05-09 03:18:09.934  INFO 87253 --- [ngodb.net:27017] org.mongodb.driver.cluster               : Monitor thread successfully connected to server with description ServerDescription{address=mflix-shard-00-02-pmyac.mongodb.net:27017, type=REPLICA_SET_SECONDARY, state=CONNECTED, ok=true, version=ServerVersion{versionList=[4, 2, 6]}, minWireVersion=0, maxWireVersion=8, maxDocumentSize=16777216, logicalSessionTimeoutMinutes=30, roundTripTimeNanos=47206131, setName='mflix-shard-0', canonicalAddress=mflix-shard-00-02-pmyac.mongodb.net:27017, hosts=[mflix-shard-00-02-pmyac.mongodb.net:27017, mflix-shard-00-00-pmyac.mongodb.net:27017, mflix-shard-00-01-pmyac.mongodb.net:27017], passives=[], arbiters=[], primary='mflix-shard-00-01-pmyac.mongodb.net:27017', tagSet=TagSet{[Tag{name='region', value='AP_SOUTHEAST_1'}, Tag{name='provider', value='AWS'}, Tag{name='nodeType', value='ELECTABLE'}]}, electionId=null, setVersion=3, lastWriteDate=Sat May 09 03:18:09 IST 2020, lastUpdateTimeNanos=939196400942435}
2020-05-09 03:18:09.945  INFO 87253 --- [ngodb.net:27017] org.mongodb.driver.cluster               : Monitor thread successfully connected to server with description ServerDescription{address=mflix-shard-00-00-pmyac.mongodb.net:27017, type=REPLICA_SET_SECONDARY, state=CONNECTED, ok=true, version=ServerVersion{versionList=[4, 2, 6]}, minWireVersion=0, maxWireVersion=8, maxDocumentSize=16777216, logicalSessionTimeoutMinutes=30, roundTripTimeNanos=50962809, setName='mflix-shard-0', canonicalAddress=mflix-shard-00-00-pmyac.mongodb.net:27017, hosts=[mflix-shard-00-02-pmyac.mongodb.net:27017, mflix-shard-00-00-pmyac.mongodb.net:27017, mflix-shard-00-01-pmyac.mongodb.net:27017], passives=[], arbiters=[], primary='mflix-shard-00-01-pmyac.mongodb.net:27017', tagSet=TagSet{[Tag{name='nodeType', value='ELECTABLE'}, Tag{name='region', value='AP_SOUTHEAST_1'}, Tag{name='provider', value='AWS'}]}, electionId=null, setVersion=3, lastWriteDate=Sat May 09 03:18:09 IST 2020, lastUpdateTimeNanos=939196412002237}
2020-05-09 03:18:10.361  INFO 87253 --- [           main] org.mongodb.driver.connection            : Opened connection [connectionId{localValue:25, serverValue:62606}] to mflix-shard-00-01-pmyac.mongodb.net:27017
]]></system-out>
  </testcase>
  <testcase name="testAllDocumentsUpdateDateIsDateType" classname="mflix.api.daos.MigrationTest" time="0.874">
    <failure message="Should not find documents where `lastupdated` is of `string` type expected:&lt;0&gt; but was:&lt;23539&gt;" type="java.lang.AssertionError"><![CDATA[java.lang.AssertionError: Should not find documents where `lastupdated` is of `string` type expected:<0> but was:<23539>
	at mflix.api.daos.MigrationTest.testAllDocumentsUpdateDateIsDateType(MigrationTest.java:31)
]]></failure>
    <system-out><![CDATA[2020-05-09 03:18:10.441  INFO 87253 --- [           main] org.mongodb.driver.cluster               : Cluster created with settings {hosts=[mflix-shard-00-01-pmyac.mongodb.net:27017, mflix-shard-00-00-pmyac.mongodb.net:27017, mflix-shard-00-02-pmyac.mongodb.net:27017], mode=MULTIPLE, requiredClusterType=REPLICA_SET, serverSelectionTimeout='30000 ms', maxWaitQueueSize=500, requiredReplicaSetName='mflix-shard-0'}
2020-05-09 03:18:10.442  INFO 87253 --- [           main] org.mongodb.driver.cluster               : Adding discovered server mflix-shard-00-01-pmyac.mongodb.net:27017 to client view of cluster
2020-05-09 03:18:10.442  INFO 87253 --- [           main] org.mongodb.driver.cluster               : Adding discovered server mflix-shard-00-00-pmyac.mongodb.net:27017 to client view of cluster
2020-05-09 03:18:10.443  INFO 87253 --- [           main] org.mongodb.driver.cluster               : Adding discovered server mflix-shard-00-02-pmyac.mongodb.net:27017 to client view of cluster
2020-05-09 03:18:10.445  INFO 87253 --- [           main] org.mongodb.driver.cluster               : No server chosen by com.mongodb.client.internal.MongoClientDelegate$1@506a1372 from cluster description ClusterDescription{type=REPLICA_SET, connectionMode=MULTIPLE, serverDescriptions=[ServerDescription{address=mflix-shard-00-00-pmyac.mongodb.net:27017, type=UNKNOWN, state=CONNECTING}, ServerDescription{address=mflix-shard-00-01-pmyac.mongodb.net:27017, type=UNKNOWN, state=CONNECTING}, ServerDescription{address=mflix-shard-00-02-pmyac.mongodb.net:27017, type=UNKNOWN, state=CONNECTING}]}. Waiting for 30000 ms before timing out
2020-05-09 03:18:10.725  INFO 87253 --- [ngodb.net:27017] org.mongodb.driver.connection            : Opened connection [connectionId{localValue:28, serverValue:45992}] to mflix-shard-00-02-pmyac.mongodb.net:27017
2020-05-09 03:18:10.728  INFO 87253 --- [ngodb.net:27017] org.mongodb.driver.connection            : Opened connection [connectionId{localValue:26, serverValue:61391}] to mflix-shard-00-01-pmyac.mongodb.net:27017
2020-05-09 03:18:10.742  INFO 87253 --- [ngodb.net:27017] org.mongodb.driver.connection            : Opened connection [connectionId{localValue:27, serverValue:47022}] to mflix-shard-00-00-pmyac.mongodb.net:27017
2020-05-09 03:18:10.774  INFO 87253 --- [ngodb.net:27017] org.mongodb.driver.cluster               : Monitor thread successfully connected to server with description ServerDescription{address=mflix-shard-00-02-pmyac.mongodb.net:27017, type=REPLICA_SET_SECONDARY, state=CONNECTED, ok=true, version=ServerVersion{versionList=[4, 2, 6]}, minWireVersion=0, maxWireVersion=8, maxDocumentSize=16777216, logicalSessionTimeoutMinutes=30, roundTripTimeNanos=47684686, setName='mflix-shard-0', canonicalAddress=mflix-shard-00-02-pmyac.mongodb.net:27017, hosts=[mflix-shard-00-02-pmyac.mongodb.net:27017, mflix-shard-00-00-pmyac.mongodb.net:27017, mflix-shard-00-01-pmyac.mongodb.net:27017], passives=[], arbiters=[], primary='mflix-shard-00-01-pmyac.mongodb.net:27017', tagSet=TagSet{[Tag{name='region', value='AP_SOUTHEAST_1'}, Tag{name='provider', value='AWS'}, Tag{name='nodeType', value='ELECTABLE'}]}, electionId=null, setVersion=3, lastWriteDate=Sat May 09 03:18:09 IST 2020, lastUpdateTimeNanos=939197240436939}
2020-05-09 03:18:10.775  INFO 87253 --- [           main] org.mongodb.driver.cluster               : No server chosen by ReadPreferenceServerSelector{readPreference=primary} from cluster description ClusterDescription{type=REPLICA_SET, connectionMode=MULTIPLE, serverDescriptions=[ServerDescription{address=mflix-shard-00-00-pmyac.mongodb.net:27017, type=UNKNOWN, state=CONNECTING}, ServerDescription{address=mflix-shard-00-01-pmyac.mongodb.net:27017, type=UNKNOWN, state=CONNECTING}, ServerDescription{address=mflix-shard-00-02-pmyac.mongodb.net:27017, type=REPLICA_SET_SECONDARY, state=CONNECTED, ok=true, version=ServerVersion{versionList=[4, 2, 6]}, minWireVersion=0, maxWireVersion=8, maxDocumentSize=16777216, logicalSessionTimeoutMinutes=30, roundTripTimeNanos=47684686, setName='mflix-shard-0', canonicalAddress=mflix-shard-00-02-pmyac.mongodb.net:27017, hosts=[mflix-shard-00-02-pmyac.mongodb.net:27017, mflix-shard-00-00-pmyac.mongodb.net:27017, mflix-shard-00-01-pmyac.mongodb.net:27017], passives=[], arbiters=[], primary='mflix-shard-00-01-pmyac.mongodb.net:27017', tagSet=TagSet{[Tag{name='region', value='AP_SOUTHEAST_1'}, Tag{name='provider', value='AWS'}, Tag{name='nodeType', value='ELECTABLE'}]}, electionId=null, setVersion=3, lastWriteDate=Sat May 09 03:18:09 IST 2020, lastUpdateTimeNanos=939197240436939}]}. Waiting for 30000 ms before timing out
2020-05-09 03:18:10.777  INFO 87253 --- [ngodb.net:27017] org.mongodb.driver.cluster               : Monitor thread successfully connected to server with description ServerDescription{address=mflix-shard-00-01-pmyac.mongodb.net:27017, type=REPLICA_SET_PRIMARY, state=CONNECTED, ok=true, version=ServerVersion{versionList=[4, 2, 6]}, minWireVersion=0, maxWireVersion=8, maxDocumentSize=16777216, logicalSessionTimeoutMinutes=30, roundTripTimeNanos=48864196, setName='mflix-shard-0', canonicalAddress=mflix-shard-00-01-pmyac.mongodb.net:27017, hosts=[mflix-shard-00-02-pmyac.mongodb.net:27017, mflix-shard-00-00-pmyac.mongodb.net:27017, mflix-shard-00-01-pmyac.mongodb.net:27017], passives=[], arbiters=[], primary='mflix-shard-00-01-pmyac.mongodb.net:27017', tagSet=TagSet{[Tag{name='region', value='AP_SOUTHEAST_1'}, Tag{name='nodeType', value='ELECTABLE'}, Tag{name='provider', value='AWS'}]}, electionId=7fffffff0000000000000002, setVersion=3, lastWriteDate=Sat May 09 03:18:09 IST 2020, lastUpdateTimeNanos=939197243883882}
2020-05-09 03:18:10.778  INFO 87253 --- [ngodb.net:27017] org.mongodb.driver.cluster               : Setting max election id to 7fffffff0000000000000002 from replica set primary mflix-shard-00-01-pmyac.mongodb.net:27017
2020-05-09 03:18:10.778  INFO 87253 --- [ngodb.net:27017] org.mongodb.driver.cluster               : Setting max set version to 3 from replica set primary mflix-shard-00-01-pmyac.mongodb.net:27017
2020-05-09 03:18:10.778  INFO 87253 --- [ngodb.net:27017] org.mongodb.driver.cluster               : Discovered replica set primary mflix-shard-00-01-pmyac.mongodb.net:27017
2020-05-09 03:18:10.794  INFO 87253 --- [ngodb.net:27017] org.mongodb.driver.cluster               : Monitor thread successfully connected to server with description ServerDescription{address=mflix-shard-00-00-pmyac.mongodb.net:27017, type=REPLICA_SET_SECONDARY, state=CONNECTED, ok=true, version=ServerVersion{versionList=[4, 2, 6]}, minWireVersion=0, maxWireVersion=8, maxDocumentSize=16777216, logicalSessionTimeoutMinutes=30, roundTripTimeNanos=52145542, setName='mflix-shard-0', canonicalAddress=mflix-shard-00-00-pmyac.mongodb.net:27017, hosts=[mflix-shard-00-02-pmyac.mongodb.net:27017, mflix-shard-00-00-pmyac.mongodb.net:27017, mflix-shard-00-01-pmyac.mongodb.net:27017], passives=[], arbiters=[], primary='mflix-shard-00-01-pmyac.mongodb.net:27017', tagSet=TagSet{[Tag{name='nodeType', value='ELECTABLE'}, Tag{name='region', value='AP_SOUTHEAST_1'}, Tag{name='provider', value='AWS'}]}, electionId=null, setVersion=3, lastWriteDate=Sat May 09 03:18:09 IST 2020, lastUpdateTimeNanos=939197260995927}
2020-05-09 03:18:11.239  INFO 87253 --- [           main] org.mongodb.driver.connection            : Opened connection [connectionId{localValue:29, serverValue:61391}] to mflix-shard-00-01-pmyac.mongodb.net:27017
]]></system-out>
  </testcase>
</testsuite>