<?xml version="1.0" encoding="UTF-8"?>
<testsuite xmlns:xsi="http://www.w3.org/2001/XMLSchema-instance" xsi:noNamespaceSchemaLocation="https://maven.apache.org/surefire/maven-surefire-plugin/xsd/surefire-test-report.xsd" name="mflix.api.daos.FacetedSearchTest" time="8.95" tests="3" errors="1" skipped="0" failures="2">
  <properties>
[...]
</properties>
  <testcase name="testRatingRuntimeBuckets" classname="mflix.api.daos.FacetedSearchTest" time="1.023">
    <error type="java.lang.NullPointerException">java.lang.NullPointerException
	at mflix.api.daos.FacetedSearchTest.testRatingRuntimeBuckets(FacetedSearchTest.java:49)
</error>
    <system-out><![CDATA[03:17:50.907 [main] DEBUG org.springframework.test.context.junit4.SpringJUnit4ClassRunner - SpringJUnit4ClassRunner constructor called with [class mflix.api.daos.FacetedSearchTest]
03:17:50.921 [main] DEBUG org.springframework.test.context.BootstrapUtils - Instantiating CacheAwareContextLoaderDelegate from class [org.springframework.test.context.cache.DefaultCacheAwareContextLoaderDelegate]
03:17:50.933 [main] DEBUG org.springframework.test.context.BootstrapUtils - Instantiating BootstrapContext using constructor [public org.springframework.test.context.support.DefaultBootstrapContext(java.lang.Class,org.springframework.test.context.CacheAwareContextLoaderDelegate)]
03:17:50.961 [main] DEBUG org.springframework.test.context.BootstrapUtils - Instantiating TestContextBootstrapper for test class [mflix.api.daos.FacetedSearchTest] from class [org.springframework.boot.test.context.SpringBootTestContextBootstrapper]
03:17:51.000 [main] INFO org.springframework.boot.test.context.SpringBootTestContextBootstrapper - Neither @ContextConfiguration nor @ContextHierarchy found for test class [mflix.api.daos.FacetedSearchTest], using SpringBootContextLoader
03:17:51.007 [main] DEBUG org.springframework.test.context.support.AbstractContextLoader - Did not detect default resource location for test class [mflix.api.daos.FacetedSearchTest]: class path resource [mflix/api/daos/FacetedSearchTest-context.xml] does not exist
03:17:51.007 [main] DEBUG org.springframework.test.context.support.AbstractContextLoader - Did not detect default resource location for test class [mflix.api.daos.FacetedSearchTest]: class path resource [mflix/api/daos/FacetedSearchTestContext.groovy] does not exist
03:17:51.009 [main] INFO org.springframework.test.context.support.AbstractContextLoader - Could not detect default resource locations for test class [mflix.api.daos.FacetedSearchTest]: no resource found for suffixes {-context.xml, Context.groovy}.
03:17:51.150 [main] DEBUG org.springframework.test.context.support.ActiveProfilesUtils - Could not find an 'annotation declaring class' for annotation type [org.springframework.test.context.ActiveProfiles] and class [mflix.api.daos.FacetedSearchTest]
03:17:51.475 [main] DEBUG org.springframework.boot.test.context.SpringBootTestContextBootstrapper - @TestExecutionListeners is not present for class [mflix.api.daos.FacetedSearchTest]: using defaults.
03:17:51.477 [main] INFO org.springframework.boot.test.context.SpringBootTestContextBootstrapper - Loaded default TestExecutionListener class names from location [META-INF/spring.factories]: [org.springframework.boot.test.mock.mockito.MockitoTestExecutionListener, org.springframework.boot.test.mock.mockito.ResetMocksTestExecutionListener, org.springframework.boot.test.autoconfigure.restdocs.RestDocsTestExecutionListener, org.springframework.boot.test.autoconfigure.web.client.MockRestServiceServerResetTestExecutionListener, org.springframework.boot.test.autoconfigure.web.servlet.MockMvcPrintOnlyOnFailureTestExecutionListener, org.springframework.boot.test.autoconfigure.web.servlet.WebDriverTestExecutionListener, org.springframework.test.context.web.ServletTestExecutionListener, org.springframework.test.context.support.DirtiesContextBeforeModesTestExecutionListener, org.springframework.test.context.support.DependencyInjectionTestExecutionListener, org.springframework.test.context.support.DirtiesContextTestExecutionListener, org.springframework.test.context.transaction.TransactionalTestExecutionListener, org.springframework.test.context.jdbc.SqlScriptsTestExecutionListener]
03:17:51.500 [main] DEBUG org.springframework.boot.test.context.SpringBootTestContextBootstrapper - Skipping candidate TestExecutionListener [org.springframework.test.context.transaction.TransactionalTestExecutionListener] due to a missing dependency. Specify custom listener classes or make the default listener classes and their required dependencies available. Offending class: [org/springframework/transaction/interceptor/TransactionAttributeSource]
03:17:51.501 [main] DEBUG org.springframework.boot.test.context.SpringBootTestContextBootstrapper - Skipping candidate TestExecutionListener [org.springframework.test.context.jdbc.SqlScriptsTestExecutionListener] due to a missing dependency. Specify custom listener classes or make the default listener classes and their required dependencies available. Offending class: [org/springframework/transaction/interceptor/TransactionAttribute]
03:17:51.503 [main] INFO org.springframework.boot.test.context.SpringBootTestContextBootstrapper - Using TestExecutionListeners: [org.springframework.test.context.web.ServletTestExecutionListener@59309333, org.springframework.test.context.support.DirtiesContextBeforeModesTestExecutionListener@5876a9af, org.springframework.boot.test.mock.mockito.MockitoTestExecutionListener@7ec7ffd3, org.springframework.boot.test.autoconfigure.SpringBootDependencyInjectionTestExecutionListener@5b239d7d, org.springframework.test.context.support.DirtiesContextTestExecutionListener@6572421, org.springframework.boot.test.mock.mockito.ResetMocksTestExecutionListener@6b81ce95, org.springframework.boot.test.autoconfigure.restdocs.RestDocsTestExecutionListener@2a798d51, org.springframework.boot.test.autoconfigure.web.client.MockRestServiceServerResetTestExecutionListener@6d763516, org.springframework.boot.test.autoconfigure.web.servlet.MockMvcPrintOnlyOnFailureTestExecutionListener@52bf72b5, org.springframework.boot.test.autoconfigure.web.servlet.WebDriverTestExecutionListener@37afeb11]
03:17:51.515 [main] DEBUG org.springframework.test.annotation.ProfileValueUtils - Retrieved @ProfileValueSourceConfiguration [null] for test class [mflix.api.daos.FacetedSearchTest]
03:17:51.518 [main] DEBUG org.springframework.test.annotation.ProfileValueUtils - Retrieved ProfileValueSource type [class org.springframework.test.annotation.SystemProfileValueSource] for class [mflix.api.daos.FacetedSearchTest]
03:17:51.527 [main] DEBUG org.springframework.test.annotation.ProfileValueUtils - Retrieved @ProfileValueSourceConfiguration [null] for test class [mflix.api.daos.FacetedSearchTest]
03:17:51.528 [main] DEBUG org.springframework.test.annotation.ProfileValueUtils - Retrieved ProfileValueSource type [class org.springframework.test.annotation.SystemProfileValueSource] for class [mflix.api.daos.FacetedSearchTest]
03:17:51.533 [main] DEBUG org.springframework.test.annotation.ProfileValueUtils - Retrieved @ProfileValueSourceConfiguration [null] for test class [mflix.api.daos.FacetedSearchTest]
03:17:51.535 [main] DEBUG org.springframework.test.annotation.ProfileValueUtils - Retrieved ProfileValueSource type [class org.springframework.test.annotation.SystemProfileValueSource] for class [mflix.api.daos.FacetedSearchTest]
03:17:51.546 [main] DEBUG org.springframework.test.context.support.AbstractDirtiesContextTestExecutionListener - Before test class: context [DefaultTestContext@7f3b84b8 testClass = FacetedSearchTest, testInstance = [null], testMethod = [null], testException = [null], mergedContextConfiguration = [WebMergedContextConfiguration@57a3af25 testClass = FacetedSearchTest, locations = '{}', classes = '{class mflix.config.MongoDBConfiguration, class mflix.config.MongoDBConfiguration}', contextInitializerClasses = '[]', activeProfiles = '{}', propertySourceLocations = '{}', propertySourceProperties = '{org.springframework.boot.test.context.SpringBootTestContextBootstrapper=true}', contextCustomizers = set[[ImportsContextCustomizer@2b662a77 key = [@org.springframework.boot.test.context.SpringBootTest(webEnvironment=MOCK, value=[], properties=[], classes=[class mflix.config.MongoDBConfiguration]), @org.springframework.boot.autoconfigure.AutoConfigurationPackage(), @org.springframework.test.context.BootstrapWith(value=class org.springframework.boot.test.context.SpringBootTestContextBootstrapper), @org.springframework.boot.context.properties.EnableConfigurationProperties(value=[]), @org.junit.runner.RunWith(value=class org.springframework.test.context.junit4.SpringJUnit4ClassRunner), @org.springframework.context.annotation.Import(value=[class org.springframework.boot.autoconfigure.AutoConfigurationImportSelector]), @org.springframework.boot.autoconfigure.EnableAutoConfiguration(exclude=[], excludeName=[]), @org.springframework.context.annotation.Import(value=[class org.springframework.boot.context.properties.EnableConfigurationPropertiesImportSelector]), @org.springframework.context.annotation.Import(value=[class org.springframework.boot.autoconfigure.AutoConfigurationPackages$Registrar])]], org.springframework.boot.test.context.filter.ExcludeFilterContextCustomizer@68ceda24, org.springframework.boot.test.json.DuplicateJsonObjectContextCustomizerFactory$DuplicateJsonObjectContextCustomizer@1f021e6c, org.springframework.boot.test.mock.mockito.MockitoContextCustomizer@0, org.springframework.boot.test.web.client.TestRestTemplateContextCustomizer@543e710e, org.springframework.boot.test.autoconfigure.properties.PropertyMappingContextCustomizer@0, org.springframework.boot.test.autoconfigure.web.servlet.WebDriverContextCustomizerFactory$Customizer@17695df3], resourceBasePath = 'src/main/webapp', contextLoader = 'org.springframework.boot.test.context.SpringBootContextLoader', parent = [null]], attributes = map['org.springframework.test.context.web.ServletTestExecutionListener.activateListener' -> true]], class annotated with @DirtiesContext [false] with mode [null].
03:17:51.555 [main] DEBUG org.springframework.test.annotation.ProfileValueUtils - Retrieved @ProfileValueSourceConfiguration [null] for test class [mflix.api.daos.FacetedSearchTest]
03:17:51.556 [main] DEBUG org.springframework.test.annotation.ProfileValueUtils - Retrieved ProfileValueSource type [class org.springframework.test.annotation.SystemProfileValueSource] for class [mflix.api.daos.FacetedSearchTest]
03:17:51.642 [main] DEBUG org.springframework.core.env.StandardEnvironment - Adding PropertySource 'systemProperties' with lowest search precedence
03:17:51.643 [main] DEBUG org.springframework.core.env.StandardEnvironment - Adding PropertySource 'systemEnvironment' with lowest search precedence
03:17:51.644 [main] DEBUG org.springframework.core.env.StandardEnvironment - Initialized StandardEnvironment with PropertySources [MapPropertySource@30578394 {name='systemProperties', properties={java.runtime.name=Java(TM) SE Runtime Environment, sun.boot.library.path=/Library/Java/JavaVirtualMachines/jdk1.8.0_181.jdk/Contents/Home/jre/lib, java.vm.version=25.181-b13, gopherProxySet=false, java.vm.vendor=Oracle Corporation, java.vendor.url=http://java.oracle.com/, path.separator=:, java.vm.name=Java HotSpot(TM) 64-Bit Server VM, file.encoding.pkg=sun.io, user.country=IN, sun.java.launcher=SUN_STANDARD, sun.os.patch.level=unknown, java.vm.specification.name=Java Virtual Machine Specification, user.dir=/Users/manishsharma/code/src/github/mflix-java/mflix, java.runtime.version=1.8.0_181-b13, basedir=/Users/manishsharma/code/src/github/mflix-java/mflix, java.awt.graphicsenv=sun.awt.CGraphicsEnvironment, java.endorsed.dirs=/Library/Java/JavaVirtualMachines/jdk1.8.0_181.jdk/Contents/Home/jre/lib/endorsed, os.arch=x86_64, surefire.real.class.path=/Users/manishsharma/code/src/github/mflix-java/mflix/target/surefire/surefirebooter7473799278809945510.jar, java.io.tmpdir=/var/folders/x1/wtj3l_0d3mj7y8vr_714q2_r0000gn/T/, line.separator=
, java.vm.specification.vendor=Oracle Corporation, os.name=Mac OS X, sun.jnu.encoding=UTF-8, java.library.path=/Users/manishsharma/Library/Java/Extensions:/Library/Java/Extensions:/Network/Library/Java/Extensions:/System/Library/Java/Extensions:/usr/lib/java:., surefire.test.class.path=/Users/manishsharma/code/src/github/mflix-java/mflix/target/test-classes:/Users/manishsharma/code/src/github/mflix-java/mflix/target/classes:/Users/manishsharma/.m2/repository/org/springframework/boot/spring-boot-starter-web/2.0.3.RELEASE/spring-boot-starter-web-2.0.3.RELEASE.jar:/Users/manishsharma/.m2/repository/org/springframework/boot/spring-boot-starter/2.0.3.RELEASE/spring-boot-starter-2.0.3.RELEASE.jar:/Users/manishsharma/.m2/repository/org/springframework/boot/spring-boot-starter-logging/2.0.3.RELEASE/spring-boot-starter-logging-2.0.3.RELEASE.jar:/Users/manishsharma/.m2/repository/ch/qos/logback/logback-classic/1.2.3/logback-classic-1.2.3.jar:/Users/manishsharma/.m2/repository/ch/qos/logback/logback-core/1.2.3/logback-core-1.2.3.jar:/Users/manishsharma/.m2/repository/org/apache/logging/log4j/log4j-to-slf4j/2.10.0/log4j-to-slf4j-2.10.0.jar:/Users/manishsharma/.m2/repository/org/apache/logging/log4j/log4j-api/2.10.0/log4j-api-2.10.0.jar:/Users/manishsharma/.m2/repository/org/slf4j/jul-to-slf4j/1.7.25/jul-to-slf4j-1.7.25.jar:/Users/manishsharma/.m2/repository/javax/annotation/javax.annotation-api/1.3.2/javax.annotation-api-1.3.2.jar:/Users/manishsharma/.m2/repository/org/yaml/snakeyaml/1.19/snakeyaml-1.19.jar:/Users/manishsharma/.m2/repository/org/springframework/boot/spring-boot-starter-json/2.0.3.RELEASE/spring-boot-starter-json-2.0.3.RELEASE.jar:/Users/manishsharma/.m2/repository/com/fasterxml/jackson/datatype/jackson-datatype-jdk8/2.9.6/jackson-datatype-jdk8-2.9.6.jar:/Users/manishsharma/.m2/repository/com/fasterxml/jackson/datatype/jackson-datatype-jsr310/2.9.6/jackson-datatype-jsr310-2.9.6.jar:/Users/manishsharma/.m2/repository/com/fasterxml/jackson/module/jackson-module-parameter-names/2.9.6/jackson-module-parameter-names-2.9.6.jar:/Users/manishsharma/.m2/repository/org/springframework/boot/spring-boot-starter-tomcat/2.0.3.RELEASE/spring-boot-starter-tomcat-2.0.3.RELEASE.jar:/Users/manishsharma/.m2/repository/org/apache/tomcat/embed/tomcat-embed-core/8.5.31/tomcat-embed-core-8.5.31.jar:/Users/manishsharma/.m2/repository/org/apache/tomcat/embed/tomcat-embed-el/8.5.31/tomcat-embed-el-8.5.31.jar:/Users/manishsharma/.m2/repository/org/apache/tomcat/embed/tomcat-embed-websocket/8.5.31/tomcat-embed-websocket-8.5.31.jar:/Users/manishsharma/.m2/repository/org/hibernate/validator/hibernate-validator/6.0.10.Final/hibernate-validator-6.0.10.Final.jar:/Users/manishsharma/.m2/repository/javax/validation/validation-api/2.0.1.Final/validation-api-2.0.1.Final.jar:/Users/manishsharma/.m2/repository/org/jboss/logging/jboss-logging/3.3.2.Final/jboss-logging-3.3.2.Final.jar:/Users/manishsharma/.m2/repository/com/fasterxml/classmate/1.3.4/classmate-1.3.4.jar:/Users/manishsharma/.m2/repository/org/springframework/spring-webmvc/5.0.7.RELEASE/spring-webmvc-5.0.7.RELEASE.jar:/Users/manishsharma/.m2/repository/org/springframework/boot/spring-boot-starter-test/2.0.3.RELEASE/spring-boot-starter-test-2.0.3.RELEASE.jar:/Users/manishsharma/.m2/repository/org/springframework/boot/spring-boot-test/2.0.3.RELEASE/spring-boot-test-2.0.3.RELEASE.jar:/Users/manishsharma/.m2/repository/org/springframework/boot/spring-boot-test-autoconfigure/2.0.3.RELEASE/spring-boot-test-autoconfigure-2.0.3.RELEASE.jar:/Users/manishsharma/.m2/repository/com/jayway/jsonpath/json-path/2.4.0/json-path-2.4.0.jar:/Users/manishsharma/.m2/repository/net/minidev/json-smart/2.3/json-smart-2.3.jar:/Users/manishsharma/.m2/repository/net/minidev/accessors-smart/1.2/accessors-smart-1.2.jar:/Users/manishsharma/.m2/repository/org/ow2/asm/asm/5.0.4/asm-5.0.4.jar:/Users/manishsharma/.m2/repository/org/slf4j/slf4j-api/1.7.25/slf4j-api-1.7.25.jar:/Users/manishsharma/.m2/repository/junit/junit/4.12/junit-4.12.jar:/Users/manishsharma/.m2/repository/org/assertj/assertj-core/3.9.1/assertj-core-3.9.1.jar:/Users/manishsharma/.m2/repository/org/mockito/mockito-core/2.15.0/mockito-core-2.15.0.jar:/Users/manishsharma/.m2/repository/net/bytebuddy/byte-buddy/1.7.9/byte-buddy-1.7.9.jar:/Users/manishsharma/.m2/repository/net/bytebuddy/byte-buddy-agent/1.7.9/byte-buddy-agent-1.7.9.jar:/Users/manishsharma/.m2/repository/org/objenesis/objenesis/2.6/objenesis-2.6.jar:/Users/manishsharma/.m2/repository/org/hamcrest/hamcrest-core/1.3/hamcrest-core-1.3.jar:/Users/manishsharma/.m2/repository/org/hamcrest/hamcrest-library/1.3/hamcrest-library-1.3.jar:/Users/manishsharma/.m2/repository/org/skyscreamer/jsonassert/1.5.0/jsonassert-1.5.0.jar:/Users/manishsharma/.m2/repository/com/vaadin/external/google/android-json/0.0.20131108.vaadin1/android-json-0.0.20131108.vaadin1.jar:/Users/manishsharma/.m2/repository/org/springframework/spring-test/5.0.7.RELEASE/spring-test-5.0.7.RELEASE.jar:/Users/manishsharma/.m2/repository/org/xmlunit/xmlunit-core/2.5.1/xmlunit-core-2.5.1.jar:/Users/manishsharma/.m2/repository/org/springframework/boot/spring-boot-starter-security/2.0.4.RELEASE/spring-boot-starter-security-2.0.4.RELEASE.jar:/Users/manishsharma/.m2/repository/org/springframework/spring-aop/5.0.8.RELEASE/spring-aop-5.0.8.RELEASE.jar:/Users/manishsharma/.m2/repository/org/springframework/security/spring-security-config/5.0.7.RELEASE/spring-security-config-5.0.7.RELEASE.jar:/Users/manishsharma/.m2/repository/org/springframework/security/spring-security-core/5.0.7.RELEASE/spring-security-core-5.0.7.RELEASE.jar:/Users/manishsharma/.m2/repository/org/springframework/security/spring-security-web/5.0.7.RELEASE/spring-security-web-5.0.7.RELEASE.jar:/Users/manishsharma/.m2/repository/org/springframework/boot/spring-boot/2.0.4.RELEASE/spring-boot-2.0.4.RELEASE.jar:/Users/manishsharma/.m2/repository/org/springframework/spring-context/5.0.7.RELEASE/spring-context-5.0.7.RELEASE.jar:/Users/manishsharma/.m2/repository/org/springframework/spring-beans/5.0.7.RELEASE/spring-beans-5.0.7.RELEASE.jar:/Users/manishsharma/.m2/repository/org/springframework/spring-expression/5.0.7.RELEASE/spring-expression-5.0.7.RELEASE.jar:/Users/manishsharma/.m2/repository/org/springframework/spring-core/5.0.7.RELEASE/spring-core-5.0.7.RELEASE.jar:/Users/manishsharma/.m2/repository/org/springframework/spring-jcl/5.0.7.RELEASE/spring-jcl-5.0.7.RELEASE.jar:/Users/manishsharma/.m2/repository/org/springframework/boot/spring-boot-autoconfigure/2.0.3.RELEASE/spring-boot-autoconfigure-2.0.3.RELEASE.jar:/Users/manishsharma/.m2/repository/org/springframework/spring-web/5.0.7.RELEASE/spring-web-5.0.7.RELEASE.jar:/Users/manishsharma/.m2/repository/io/jsonwebtoken/jjwt/0.9.1/jjwt-0.9.1.jar:/Users/manishsharma/.m2/repository/com/fasterxml/jackson/core/jackson-databind/2.9.6/jackson-databind-2.9.6.jar:/Users/manishsharma/.m2/repository/com/fasterxml/jackson/core/jackson-annotations/2.9.0/jackson-annotations-2.9.0.jar:/Users/manishsharma/.m2/repository/com/fasterxml/jackson/core/jackson-core/2.9.6/jackson-core-2.9.6.jar:/Users/manishsharma/.m2/repository/org/junit/jupiter/junit-jupiter-api/5.1.0/junit-jupiter-api-5.1.0.jar:/Users/manishsharma/.m2/repository/org/apiguardian/apiguardian-api/1.0.0/apiguardian-api-1.0.0.jar:/Users/manishsharma/.m2/repository/org/opentest4j/opentest4j/1.0.0/opentest4j-1.0.0.jar:/Users/manishsharma/.m2/repository/org/junit/platform/junit-platform-commons/1.1.0/junit-platform-commons-1.1.0.jar:/Users/manishsharma/.m2/repository/org/mongodb/mongodb-driver-sync/3.9.1/mongodb-driver-sync-3.9.1.jar:/Users/manishsharma/.m2/repository/org/mongodb/bson/3.9.1/bson-3.9.1.jar:/Users/manishsharma/.m2/repository/org/mongodb/mongodb-driver-core/3.9.1/mongodb-driver-core-3.9.1.jar:, java.specification.name=Java Platform API Specification, java.class.version=52.0, sun.management.compiler=HotSpot 64-Bit Tiered Compilers, idea.version2019.3.4=true, os.version=10.15.4, http.nonProxyHosts=local|*.local|169.254/16|*.169.254/16, user.home=/Users/manishsharma, user.timezone=Asia/Kolkata, java.awt.printerjob=sun.lwawt.macosx.CPrinterJob, file.encoding=US-ASCII, java.specification.version=1.8, java.class.path=/Users/manishsharma/code/src/github/mflix-java/mflix/target/test-classes:/Users/manishsharma/code/src/github/mflix-java/mflix/target/classes:/Users/manishsharma/.m2/repository/org/springframework/boot/spring-boot-starter-web/2.0.3.RELEASE/spring-boot-starter-web-2.0.3.RELEASE.jar:/Users/manishsharma/.m2/repository/org/springframework/boot/spring-boot-starter/2.0.3.RELEASE/spring-boot-starter-2.0.3.RELEASE.jar:/Users/manishsharma/.m2/repository/org/springframework/boot/spring-boot-starter-logging/2.0.3.RELEASE/spring-boot-starter-logging-2.0.3.RELEASE.jar:/Users/manishsharma/.m2/repository/ch/qos/logback/logback-classic/1.2.3/logback-classic-1.2.3.jar:/Users/manishsharma/.m2/repository/ch/qos/logback/logback-core/1.2.3/logback-core-1.2.3.jar:/Users/manishsharma/.m2/repository/org/apache/logging/log4j/log4j-to-slf4j/2.10.0/log4j-to-slf4j-2.10.0.jar:/Users/manishsharma/.m2/repository/org/apache/logging/log4j/log4j-api/2.10.0/log4j-api-2.10.0.jar:/Users/manishsharma/.m2/repository/org/slf4j/jul-to-slf4j/1.7.25/jul-to-slf4j-1.7.25.jar:/Users/manishsharma/.m2/repository/javax/annotation/javax.annotation-api/1.3.2/javax.annotation-api-1.3.2.jar:/Users/manishsharma/.m2/repository/org/yaml/snakeyaml/1.19/snakeyaml-1.19.jar:/Users/manishsharma/.m2/repository/org/springframework/boot/spring-boot-starter-json/2.0.3.RELEASE/spring-boot-starter-json-2.0.3.RELEASE.jar:/Users/manishsharma/.m2/repository/com/fasterxml/jackson/datatype/jackson-datatype-jdk8/2.9.6/jackson-datatype-jdk8-2.9.6.jar:/Users/manishsharma/.m2/repository/com/fasterxml/jackson/datatype/jackson-datatype-jsr310/2.9.6/jackson-datatype-jsr310-2.9.6.jar:/Users/manishsharma/.m2/repository/com/fasterxml/jackson/module/jackson-module-parameter-names/2.9.6/jackson-module-parameter-names-2.9.6.jar:/Users/manishsharma/.m2/repository/org/springframework/boot/spring-boot-starter-tomcat/2.0.3.RELEASE/spring-boot-starter-tomcat-2.0.3.RELEASE.jar:/Users/manishsharma/.m2/repository/org/apache/tomcat/embed/tomcat-embed-core/8.5.31/tomcat-embed-core-8.5.31.jar:/Users/manishsharma/.m2/repository/org/apache/tomcat/embed/tomcat-embed-el/8.5.31/tomcat-embed-el-8.5.31.jar:/Users/manishsharma/.m2/repository/org/apache/tomcat/embed/tomcat-embed-websocket/8.5.31/tomcat-embed-websocket-8.5.31.jar:/Users/manishsharma/.m2/repository/org/hibernate/validator/hibernate-validator/6.0.10.Final/hibernate-validator-6.0.10.Final.jar:/Users/manishsharma/.m2/repository/javax/validation/validation-api/2.0.1.Final/validation-api-2.0.1.Final.jar:/Users/manishsharma/.m2/repository/org/jboss/logging/jboss-logging/3.3.2.Final/jboss-logging-3.3.2.Final.jar:/Users/manishsharma/.m2/repository/com/fasterxml/classmate/1.3.4/classmate-1.3.4.jar:/Users/manishsharma/.m2/repository/org/springframework/spring-webmvc/5.0.7.RELEASE/spring-webmvc-5.0.7.RELEASE.jar:/Users/manishsharma/.m2/repository/org/springframework/boot/spring-boot-starter-test/2.0.3.RELEASE/spring-boot-starter-test-2.0.3.RELEASE.jar:/Users/manishsharma/.m2/repository/org/springframework/boot/spring-boot-test/2.0.3.RELEASE/spring-boot-test-2.0.3.RELEASE.jar:/Users/manishsharma/.m2/repository/org/springframework/boot/spring-boot-test-autoconfigure/2.0.3.RELEASE/spring-boot-test-autoconfigure-2.0.3.RELEASE.jar:/Users/manishsharma/.m2/repository/com/jayway/jsonpath/json-path/2.4.0/json-path-2.4.0.jar:/Users/manishsharma/.m2/repository/net/minidev/json-smart/2.3/json-smart-2.3.jar:/Users/manishsharma/.m2/repository/net/minidev/accessors-smart/1.2/accessors-smart-1.2.jar:/Users/manishsharma/.m2/repository/org/ow2/asm/asm/5.0.4/asm-5.0.4.jar:/Users/manishsharma/.m2/repository/org/slf4j/slf4j-api/1.7.25/slf4j-api-1.7.25.jar:/Users/manishsharma/.m2/repository/junit/junit/4.12/junit-4.12.jar:/Users/manishsharma/.m2/repository/org/assertj/assertj-core/3.9.1/assertj-core-3.9.1.jar:/Users/manishsharma/.m2/repository/org/mockito/mockito-core/2.15.0/mockito-core-2.15.0.jar:/Users/manishsharma/.m2/repository/net/bytebuddy/byte-buddy/1.7.9/byte-buddy-1.7.9.jar:/Users/manishsharma/.m2/repository/net/bytebuddy/byte-buddy-agent/1.7.9/byte-buddy-agent-1.7.9.jar:/Users/manishsharma/.m2/repository/org/objenesis/objenesis/2.6/objenesis-2.6.jar:/Users/manishsharma/.m2/repository/org/hamcrest/hamcrest-core/1.3/hamcrest-core-1.3.jar:/Users/manishsharma/.m2/repository/org/hamcrest/hamcrest-library/1.3/hamcrest-library-1.3.jar:/Users/manishsharma/.m2/repository/org/skyscreamer/jsonassert/1.5.0/jsonassert-1.5.0.jar:/Users/manishsharma/.m2/repository/com/vaadin/external/google/android-json/0.0.20131108.vaadin1/android-json-0.0.20131108.vaadin1.jar:/Users/manishsharma/.m2/repository/org/springframework/spring-test/5.0.7.RELEASE/spring-test-5.0.7.RELEASE.jar:/Users/manishsharma/.m2/repository/org/xmlunit/xmlunit-core/2.5.1/xmlunit-core-2.5.1.jar:/Users/manishsharma/.m2/repository/org/springframework/boot/spring-boot-starter-security/2.0.4.RELEASE/spring-boot-starter-security-2.0.4.RELEASE.jar:/Users/manishsharma/.m2/repository/org/springframework/spring-aop/5.0.8.RELEASE/spring-aop-5.0.8.RELEASE.jar:/Users/manishsharma/.m2/repository/org/springframework/security/spring-security-config/5.0.7.RELEASE/spring-security-config-5.0.7.RELEASE.jar:/Users/manishsharma/.m2/repository/org/springframework/security/spring-security-core/5.0.7.RELEASE/spring-security-core-5.0.7.RELEASE.jar:/Users/manishsharma/.m2/repository/org/springframework/security/spring-security-web/5.0.7.RELEASE/spring-security-web-5.0.7.RELEASE.jar:/Users/manishsharma/.m2/repository/org/springframework/boot/spring-boot/2.0.4.RELEASE/spring-boot-2.0.4.RELEASE.jar:/Users/manishsharma/.m2/repository/org/springframework/spring-context/5.0.7.RELEASE/spring-context-5.0.7.RELEASE.jar:/Users/manishsharma/.m2/repository/org/springframework/spring-beans/5.0.7.RELEASE/spring-beans-5.0.7.RELEASE.jar:/Users/manishsharma/.m2/repository/org/springframework/spring-expression/5.0.7.RELEASE/spring-expression-5.0.7.RELEASE.jar:/Users/manishsharma/.m2/repository/org/springframework/spring-core/5.0.7.RELEASE/spring-core-5.0.7.RELEASE.jar:/Users/manishsharma/.m2/repository/org/springframework/spring-jcl/5.0.7.RELEASE/spring-jcl-5.0.7.RELEASE.jar:/Users/manishsharma/.m2/repository/org/springframework/boot/spring-boot-autoconfigure/2.0.3.RELEASE/spring-boot-autoconfigure-2.0.3.RELEASE.jar:/Users/manishsharma/.m2/repository/org/springframework/spring-web/5.0.7.RELEASE/spring-web-5.0.7.RELEASE.jar:/Users/manishsharma/.m2/repository/io/jsonwebtoken/jjwt/0.9.1/jjwt-0.9.1.jar:/Users/manishsharma/.m2/repository/com/fasterxml/jackson/core/jackson-databind/2.9.6/jackson-databind-2.9.6.jar:/Users/manishsharma/.m2/repository/com/fasterxml/jackson/core/jackson-annotations/2.9.0/jackson-annotations-2.9.0.jar:/Users/manishsharma/.m2/repository/com/fasterxml/jackson/core/jackson-core/2.9.6/jackson-core-2.9.6.jar:/Users/manishsharma/.m2/repository/org/junit/jupiter/junit-jupiter-api/5.1.0/junit-jupiter-api-5.1.0.jar:/Users/manishsharma/.m2/repository/org/apiguardian/apiguardian-api/1.0.0/apiguardian-api-1.0.0.jar:/Users/manishsharma/.m2/repository/org/opentest4j/opentest4j/1.0.0/opentest4j-1.0.0.jar:/Users/manishsharma/.m2/repository/org/junit/platform/junit-platform-commons/1.1.0/junit-platform-commons-1.1.0.jar:/Users/manishsharma/.m2/repository/org/mongodb/mongodb-driver-sync/3.9.1/mongodb-driver-sync-3.9.1.jar:/Users/manishsharma/.m2/repository/org/mongodb/bson/3.9.1/bson-3.9.1.jar:/Users/manishsharma/.m2/repository/org/mongodb/mongodb-driver-core/3.9.1/mongodb-driver-core-3.9.1.jar:, user.name=manishsharma, java.vm.specification.version=1.8, sun.java.command=/Users/manishsharma/code/src/github/mflix-java/mflix/target/surefire/surefirebooter7473799278809945510.jar /Users/manishsharma/code/src/github/mflix-java/mflix/target/surefire 2020-05-09T03-17-46_509-jvmRun1 surefire52434222757390833tmp surefire_08683727588575970305tmp, java.home=/Library/Java/JavaVirtualMachines/jdk1.8.0_181.jdk/Contents/Home/jre, sun.arch.data.model=64, user.language=en, java.specification.vendor=Oracle Corporation, awt.toolkit=sun.lwawt.macosx.LWCToolkit, java.vm.info=mixed mode, java.version=1.8.0_181, java.ext.dirs=/Users/manishsharma/Library/Java/Extensions:/Library/Java/JavaVirtualMachines/jdk1.8.0_181.jdk/Contents/Home/jre/lib/ext:/Library/Java/Extensions:/Network/Library/Java/Extensions:/System/Library/Java/Extensions:/usr/lib/java, sun.boot.class.path=/Library/Java/JavaVirtualMachines/jdk1.8.0_181.jdk/Contents/Home/jre/lib/resources.jar:/Library/Java/JavaVirtualMachines/jdk1.8.0_181.jdk/Contents/Home/jre/lib/rt.jar:/Library/Java/JavaVirtualMachines/jdk1.8.0_181.jdk/Contents/Home/jre/lib/sunrsasign.jar:/Library/Java/JavaVirtualMachines/jdk1.8.0_181.jdk/Contents/Home/jre/lib/jsse.jar:/Library/Java/JavaVirtualMachines/jdk1.8.0_181.jdk/Contents/Home/jre/lib/jce.jar:/Library/Java/JavaVirtualMachines/jdk1.8.0_181.jdk/Contents/Home/jre/lib/charsets.jar:/Library/Java/JavaVirtualMachines/jdk1.8.0_181.jdk/Contents/Home/jre/lib/jfr.jar:/Library/Java/JavaVirtualMachines/jdk1.8.0_181.jdk/Contents/Home/jre/classes, java.vendor=Oracle Corporation, localRepository=/Users/manishsharma/.m2/repository, file.separator=/, java.vendor.url.bug=http://bugreport.sun.com/bugreport/, sun.io.unicode.encoding=UnicodeBig, sun.cpu.endian=little, socksNonProxyHosts=local|*.local|169.254/16|*.169.254/16, ftp.nonProxyHosts=local|*.local|169.254/16|*.169.254/16, sun.cpu.isalist=}}, SystemEnvironmentPropertySource@2088371948 {name='systemEnvironment', properties={PATH=/usr/local/bin:/usr/bin:/bin:/usr/sbin:/sbin:/usr/local/go/bin, JAVA_MAIN_CLASS_87246=org.codehaus.classworlds.Launcher, SHELL=/bin/bash, JAVA_MAIN_CLASS_87253=org.apache.maven.surefire.booter.ForkedBooter, OLDPWD=/Users/manishsharma/code/src/github/mflix-java/mflix, USER=manishsharma, TMPDIR=/var/folders/x1/wtj3l_0d3mj7y8vr_714q2_r0000gn/T/, SSH_AUTH_SOCK=/private/tmp/com.apple.launchd.NZ77ZsaN1J/Listeners, XPC_FLAGS=0x0, VERSIONER_PYTHON_VERSION=2.7, __CF_USER_TEXT_ENCODING=0x1F5:0x0:0x0, LOGNAME=manishsharma, LC_CTYPE=en_IN.UTF-8, XPC_SERVICE_NAME=0, PWD=/Users/manishsharma/code/src/github/mflix-java/mflix, HOME=/Users/manishsharma, SHLVL=1, _=/Library/Java/JavaVirtualMachines/jdk1.8.0_181.jdk/Contents/Home/jre/bin/java}}]
03:17:51.650 [main] DEBUG org.springframework.test.context.support.TestPropertySourceUtils - Adding inlined properties to environment: {spring.jmx.enabled=false, org.springframework.boot.test.context.SpringBootTestContextBootstrapper=true, server.port=-1}
03:17:51.650 [main] DEBUG org.springframework.core.env.StandardEnvironment - Adding PropertySource 'Inlined Test Properties' with highest search precedence

  .   ____          _            __ _ _
 /\\ / ___'_ __ _ _(_)_ __  __ _ \ \ \ \
( ( )\___ | '_ | '_| | '_ \/ _` | \ \ \ \
 \\/  ___)| |_)| | | | | || (_| |  ) ) ) )
  '  |____| .__|_| |_|_| |_\__, | / / / /
 =========|_|==============|___/=/_/_/_/
 :: Spring Boot ::        (v2.0.4.RELEASE)

2020-05-09 03:17:52.491  INFO 87253 --- [           main] mflix.api.daos.FacetedSearchTest         : Starting FacetedSearchTest on Manishs-Air.Dlink with PID 87253 (started by manishsharma in /Users/manishsharma/code/src/github/mflix-java/mflix)
2020-05-09 03:17:52.495  INFO 87253 --- [           main] mflix.api.daos.FacetedSearchTest         : No active profile set, falling back to default profiles: default
2020-05-09 03:17:52.557  INFO 87253 --- [           main] o.s.w.c.s.GenericWebApplicationContext   : Refreshing org.springframework.web.context.support.GenericWebApplicationContext@f0c8a99: startup date [Sat May 09 03:17:52 IST 2020]; root of context hierarchy
2020-05-09 03:17:54.814  INFO 87253 --- [           main] org.mongodb.driver.cluster               : Cluster created with settings {hosts=[mflix-shard-00-02-pmyac.mongodb.net:27017, mflix-shard-00-01-pmyac.mongodb.net:27017, mflix-shard-00-00-pmyac.mongodb.net:27017], mode=MULTIPLE, requiredClusterType=REPLICA_SET, serverSelectionTimeout='30000 ms', maxWaitQueueSize=500, requiredReplicaSetName='mflix-shard-0'}
2020-05-09 03:17:54.814  INFO 87253 --- [           main] org.mongodb.driver.cluster               : Adding discovered server mflix-shard-00-02-pmyac.mongodb.net:27017 to client view of cluster
2020-05-09 03:17:54.852  INFO 87253 --- [           main] org.mongodb.driver.cluster               : Adding discovered server mflix-shard-00-01-pmyac.mongodb.net:27017 to client view of cluster
2020-05-09 03:17:54.855  INFO 87253 --- [           main] org.mongodb.driver.cluster               : Adding discovered server mflix-shard-00-00-pmyac.mongodb.net:27017 to client view of cluster
2020-05-09 03:17:56.032  INFO 87253 --- [ngodb.net:27017] org.mongodb.driver.connection            : Opened connection [connectionId{localValue:2, serverValue:47022}] to mflix-shard-00-00-pmyac.mongodb.net:27017
2020-05-09 03:17:56.040  INFO 87253 --- [ngodb.net:27017] org.mongodb.driver.connection            : Opened connection [connectionId{localValue:1, serverValue:45992}] to mflix-shard-00-02-pmyac.mongodb.net:27017
2020-05-09 03:17:56.044  INFO 87253 --- [ngodb.net:27017] org.mongodb.driver.connection            : Opened connection [connectionId{localValue:3, serverValue:62606}] to mflix-shard-00-01-pmyac.mongodb.net:27017
2020-05-09 03:17:56.073  INFO 87253 --- [           main] o.s.w.s.handler.SimpleUrlHandlerMapping  : Mapped URL path [/**/favicon.ico] onto handler of type [class org.springframework.web.servlet.resource.ResourceHttpRequestHandler]
2020-05-09 03:17:56.086  INFO 87253 --- [ngodb.net:27017] org.mongodb.driver.cluster               : Monitor thread successfully connected to server with description ServerDescription{address=mflix-shard-00-00-pmyac.mongodb.net:27017, type=REPLICA_SET_SECONDARY, state=CONNECTED, ok=true, version=ServerVersion{versionList=[4, 2, 6]}, minWireVersion=0, maxWireVersion=8, maxDocumentSize=16777216, logicalSessionTimeoutMinutes=30, roundTripTimeNanos=50469017, setName='mflix-shard-0', canonicalAddress=mflix-shard-00-00-pmyac.mongodb.net:27017, hosts=[mflix-shard-00-02-pmyac.mongodb.net:27017, mflix-shard-00-00-pmyac.mongodb.net:27017, mflix-shard-00-01-pmyac.mongodb.net:27017], passives=[], arbiters=[], primary='mflix-shard-00-01-pmyac.mongodb.net:27017', tagSet=TagSet{[Tag{name='nodeType', value='ELECTABLE'}, Tag{name='region', value='AP_SOUTHEAST_1'}, Tag{name='provider', value='AWS'}]}, electionId=null, setVersion=3, lastWriteDate=Sat May 09 03:17:54 IST 2020, lastUpdateTimeNanos=939182551885790}
2020-05-09 03:17:56.091  INFO 87253 --- [ngodb.net:27017] org.mongodb.driver.cluster               : Monitor thread successfully connected to server with description ServerDescription{address=mflix-shard-00-02-pmyac.mongodb.net:27017, type=REPLICA_SET_SECONDARY, state=CONNECTED, ok=true, version=ServerVersion{versionList=[4, 2, 6]}, minWireVersion=0, maxWireVersion=8, maxDocumentSize=16777216, logicalSessionTimeoutMinutes=30, roundTripTimeNanos=50155740, setName='mflix-shard-0', canonicalAddress=mflix-shard-00-02-pmyac.mongodb.net:27017, hosts=[mflix-shard-00-02-pmyac.mongodb.net:27017, mflix-shard-00-00-pmyac.mongodb.net:27017, mflix-shard-00-01-pmyac.mongodb.net:27017], passives=[], arbiters=[], primary='mflix-shard-00-01-pmyac.mongodb.net:27017', tagSet=TagSet{[Tag{name='region', value='AP_SOUTHEAST_1'}, Tag{name='provider', value='AWS'}, Tag{name='nodeType', value='ELECTABLE'}]}, electionId=null, setVersion=3, lastWriteDate=Sat May 09 03:17:54 IST 2020, lastUpdateTimeNanos=939182557806296}
2020-05-09 03:17:56.095  INFO 87253 --- [ngodb.net:27017] org.mongodb.driver.cluster               : Monitor thread successfully connected to server with description ServerDescription{address=mflix-shard-00-01-pmyac.mongodb.net:27017, type=REPLICA_SET_PRIMARY, state=CONNECTED, ok=true, version=ServerVersion{versionList=[4, 2, 6]}, minWireVersion=0, maxWireVersion=8, maxDocumentSize=16777216, logicalSessionTimeoutMinutes=30, roundTripTimeNanos=50217952, setName='mflix-shard-0', canonicalAddress=mflix-shard-00-01-pmyac.mongodb.net:27017, hosts=[mflix-shard-00-02-pmyac.mongodb.net:27017, mflix-shard-00-00-pmyac.mongodb.net:27017, mflix-shard-00-01-pmyac.mongodb.net:27017], passives=[], arbiters=[], primary='mflix-shard-00-01-pmyac.mongodb.net:27017', tagSet=TagSet{[Tag{name='nodeType', value='ELECTABLE'}, Tag{name='provider', value='AWS'}, Tag{name='region', value='AP_SOUTHEAST_1'}]}, electionId=7fffffff0000000000000002, setVersion=3, lastWriteDate=Sat May 09 03:17:54 IST 2020, lastUpdateTimeNanos=939182562033222}
2020-05-09 03:17:56.096  INFO 87253 --- [ngodb.net:27017] org.mongodb.driver.cluster               : Setting max election id to 7fffffff0000000000000002 from replica set primary mflix-shard-00-01-pmyac.mongodb.net:27017
2020-05-09 03:17:56.096  INFO 87253 --- [ngodb.net:27017] org.mongodb.driver.cluster               : Setting max set version to 3 from replica set primary mflix-shard-00-01-pmyac.mongodb.net:27017
2020-05-09 03:17:56.099  INFO 87253 --- [ngodb.net:27017] org.mongodb.driver.cluster               : Discovered replica set primary mflix-shard-00-01-pmyac.mongodb.net:27017
2020-05-09 03:17:56.553  INFO 87253 --- [           main] s.w.s.m.m.a.RequestMappingHandlerAdapter : Looking for @ControllerAdvice: org.springframework.web.context.support.GenericWebApplicationContext@f0c8a99: startup date [Sat May 09 03:17:52 IST 2020]; root of context hierarchy
2020-05-09 03:17:56.767  INFO 87253 --- [           main] s.w.s.m.m.a.RequestMappingHandlerMapping : Mapped "{[/error]}" onto public org.springframework.http.ResponseEntity<java.util.Map<java.lang.String, java.lang.Object>> org.springframework.boot.autoconfigure.web.servlet.error.BasicErrorController.error(javax.servlet.http.HttpServletRequest)
2020-05-09 03:17:56.769  INFO 87253 --- [           main] s.w.s.m.m.a.RequestMappingHandlerMapping : Mapped "{[/error],produces=[text/html]}" onto public org.springframework.web.servlet.ModelAndView org.springframework.boot.autoconfigure.web.servlet.error.BasicErrorController.errorHtml(javax.servlet.http.HttpServletRequest,javax.servlet.http.HttpServletResponse)
2020-05-09 03:17:56.839  INFO 87253 --- [           main] o.s.w.s.handler.SimpleUrlHandlerMapping  : Mapped URL path [/webjars/**] onto handler of type [class org.springframework.web.servlet.resource.ResourceHttpRequestHandler]
2020-05-09 03:17:56.839  INFO 87253 --- [           main] o.s.w.s.handler.SimpleUrlHandlerMapping  : Mapped URL path [/**] onto handler of type [class org.springframework.web.servlet.resource.ResourceHttpRequestHandler]
2020-05-09 03:17:56.949  INFO 87253 --- [           main] o.s.b.a.w.s.WelcomePageHandlerMapping    : Adding welcome page: class path resource [build/index.html]
2020-05-09 03:17:57.410  INFO 87253 --- [           main] .s.s.UserDetailsServiceAutoConfiguration : 

Using generated security password: 604244ef-710c-4658-91f2-62d7eccea143

2020-05-09 03:17:57.884  INFO 87253 --- [           main] o.s.s.web.DefaultSecurityFilterChain     : Creating filter chain: org.springframework.security.web.util.matcher.AnyRequestMatcher@1, [org.springframework.security.web.context.request.async.WebAsyncManagerIntegrationFilter@128c502c, org.springframework.security.web.context.SecurityContextPersistenceFilter@4ad3d266, org.springframework.security.web.header.HeaderWriterFilter@1b15f922, org.springframework.security.web.csrf.CsrfFilter@a137d7a, org.springframework.security.web.authentication.logout.LogoutFilter@7a93b263, org.springframework.security.web.authentication.UsernamePasswordAuthenticationFilter@4a7a965d, org.springframework.security.web.authentication.ui.DefaultLoginPageGeneratingFilter@167279d1, org.springframework.security.web.authentication.www.BasicAuthenticationFilter@6c796cc1, org.springframework.security.web.savedrequest.RequestCacheAwareFilter@15d0849, org.springframework.security.web.servletapi.SecurityContextHolderAwareRequestFilter@4248e66b, org.springframework.security.web.authentication.AnonymousAuthenticationFilter@45667d98, org.springframework.security.web.session.SessionManagementFilter@4b869331, org.springframework.security.web.access.ExceptionTranslationFilter@7aead3af, org.springframework.security.web.access.intercept.FilterSecurityInterceptor@3730ab42]
2020-05-09 03:17:58.069  INFO 87253 --- [           main] mflix.api.daos.FacetedSearchTest         : Started FacetedSearchTest in 6.345 seconds (JVM running for 8.083)
2020-05-09 03:17:58.975  INFO 87253 --- [           main] org.mongodb.driver.connection            : Opened connection [connectionId{localValue:4, serverValue:61391}] to mflix-shard-00-01-pmyac.mongodb.net:27017
]]></system-out>
  </testcase>
  <testcase name="testFacetedSearchPaging" classname="mflix.api.daos.FacetedSearchTest" time="0.128">
    <failure message="Should return a list of one faceted document expected:&lt;1&gt; but was:&lt;44&gt;" type="java.lang.AssertionError"><![CDATA[java.lang.AssertionError: Should return a list of one faceted document expected:<1> but was:<44>
	at mflix.api.daos.FacetedSearchTest.testFacetedSearchPaging(FacetedSearchTest.java:71)
]]></failure>
  </testcase>
  <testcase name="testFacetedMultipleCast" classname="mflix.api.daos.FacetedSearchTest" time="0.139">
    <failure message="Should return a list of one faceted document expected:&lt;1&gt; but was:&lt;56&gt;" type="java.lang.AssertionError"><![CDATA[java.lang.AssertionError: Should return a list of one faceted document expected:<1> but was:<56>
	at mflix.api.daos.FacetedSearchTest.testFacetedMultipleCast(FacetedSearchTest.java:99)
]]></failure>
  </testcase>
</testsuite>